{"run_at": "2026-06-15T18:56:37Z", "runner": "statohub-publish-next-article", "slug": "how-to-find-the-range", "result": "success", "word_count": 2497, "commit_sha": "561292180d8e4d6163f4828a9c42f8f5815d4f48", "live_url": "https://statohub.com/how-to-find-the-range/"}
{"run_at": "2026-06-17T21:53:10Z", "runner": "statohub-publish-next-article", "slug": "correlation-vs-causation", "result": "success", "word_count": 3492, "commit_sha": "99ae02c1fb6a276f4196604d22af3caaa1fd4ee3", "live_url": "https://statohub.com/correlation-vs-causation/"}
{"run_at": "2026-06-18T01:10:14Z", "runner": "statohub-publish-next-article", "slug": "what-is-an-average", "result": "success", "word_count": 3342, "commit_sha": "3f0afa9e000788a1467f8411e845f697a87166e4", "live_url": "https://statohub.com/what-is-an-average/"}
{"run_at": "2026-06-18T21:55:48Z", "runner": "statohub-publish-next-article", "slug": "linear-regression", "result": "success", "word_count": 3457, "commit_sha": "c4518bf5cefa00dab29b1f5240c93a64e386b633", "live_url": "https://statohub.com/linear-regression/"}
{"run_at": "2026-06-19T01:12:02Z", "runner": "statohub-publish-next-article", "slug": "mean-absolute-deviation", "result": "success", "word_count": 2905, "commit_sha": "569bdeb6f67d11a94a202cfde5679152df0ba816", "live_url": "https://statohub.com/mean-absolute-deviation/"}
{"run_at": "2026-06-19T21:56:22Z", "runner": "statohub-publish-next-article", "slug": "parameter-vs-statistic", "result": "success", "word_count": 3136, "commit_sha": "ee6356375d55a7e64508e0f1498c8c2da1a3f15f", "live_url": "https://statohub.com/parameter-vs-statistic/"}
{"run_at": "2026-06-20T11:02:53Z", "runner": "statohub-publish-next-calc-prose", "slug": "mean", "result": "deferred", "commit_sha": "5aea1751d6dd4c20ccf3aed0a86d571c1e001dd0", "live_url": "https://statohub.com/calculators/mean/"}
{"run_at": "2026-06-20T21:57:23Z", "runner": "statohub-publish-next-article", "slug": "weighted-average", "result": "success", "word_count": 2516, "commit_sha": "558c3e2df95bebc1cbd3e19d427dbb4f2ae9578f", "live_url": "https://statohub.com/weighted-average/"}
{"run_at": "2026-06-21T01:09:26Z", "runner": "statohub-publish-next-article", "slug": "skewed-distribution", "result": "success", "word_count": 3163, "commit_sha": "dd0d2914eef82db370fd598ec6e7d958d9c1613d", "live_url": "https://statohub.com/skewed-distribution/"}
{"run_at": "2026-06-21T04:08:23Z", "runner": "statohub-publish-next-calc-prose", "slug": "average", "result": "deferred", "commit_sha": "74d74a2d8546d1c45e8a29de010dcf3fbe28b9a8", "live_url": "https://statohub.com/calculators/average/"}
{"run_at": "2026-06-21T21:57:42Z", "runner": "statohub-publish-next-article", "slug": "what-is-correlation", "result": "success", "word_count": 2785, "commit_sha": "8810af1e90a6b03da5802407e3186e930085dfbc", "live_url": "https://statohub.com/what-is-correlation/"}
{"run_at": "2026-06-22T02:27:29Z", "runner": "statohub-publish-next-article", "slug": "probability-distribution", "result": "success", "word_count": 3345, "commit_sha": "21dcd421343aff73b4e9ee7e028455e03cd2b7a0", "live_url": "https://statohub.com/probability-distribution/"}
{"run_at": "2026-06-22T04:07:16Z", "runner": "statohub-publish-next-calc-prose", "slug": "variance", "result": "success", "commit_sha": "f10b15f2a474ab44e24ccf78c386bc5e958cdcdd", "live_url": "https://statohub.com/calculators/variance/"}
{"run_at": "2026-06-22T21:55:48Z", "runner": "statohub-publish-next-article", "slug": "frequency-table", "result": "success", "word_count": 3093, "commit_sha": "9261e0ef9ef21783147e277880f253f563afafcd", "live_url": "https://statohub.com/frequency-table/"}
{"run_at": "2026-06-23T01:11:16Z", "runner": "statohub-publish-next-article", "slug": "standard-deviation-excel", "result": "success", "word_count": 2921, "commit_sha": "b22f3e1056e097eb5ddbee0a9e9b5cf8f38ac0d3", "live_url": "https://statohub.com/standard-deviation-excel/"}
{"run_at": "2026-06-23T04:06:56Z", "runner": "statohub-publish-next-calc-prose", "slug": "range", "result": "success", "commit_sha": "181997b72dc0b2b2bfff0afc47037220fd6d166b", "live_url": "https://statohub.com/calculators/range/"}
{"run_at": "2026-06-23T19:38:28Z", "runner": "statohub-publish-next-article", "slug": "fundamental-statistics", "result": "success", "word_count": 2298, "commit_sha": "3c42e2966fb728804e320e14c00071453a31616d", "live_url": "https://statohub.com/fundamental-statistics/"}
{"run_at": "2026-06-23T21:54:59Z", "runner": "statohub-publish-next-article", "slug": "mean-vs-average", "result": "success", "word_count": 2493, "commit_sha": "01f03a39fdcf0847e5c6e0de911b1e0c07310356", "live_url": "https://statohub.com/mean-vs-average/"}
{"run_at": "2026-06-24T01:12:01Z", "runner": "statohub-publish-next-article", "slug": "z-table", "result": "success", "word_count": 3321, "commit_sha": "8deb849c4ac381a425cd5dce9d339fc7a6418ad2", "live_url": "https://statohub.com/z-table/"}
{"run_at": "2026-06-24T04:07:25Z", "runner": "statohub-publish-next-calc-prose", "slug": "percentile", "result": "success", "commit_sha": "a89fb3abbc39d9e2e660a4cd1ae9a12b5a93621d", "live_url": "https://statohub.com/calculators/percentile/"}
{"run_at": "2026-06-24T21:53:37Z", "runner": "statohub-publish-next-article", "slug": "median-vs-average", "result": "success", "word_count": 2978, "commit_sha": "4c1076f2b9499ab46f045a6b74a8c304e74e7e7c", "live_url": "https://statohub.com/median-vs-average/"}
{"run_at": "2026-06-25T01:10:39Z", "runner": "statohub-publish-next-article", "slug": "z-score", "result": "success", "word_count": 3399, "commit_sha": "bbbf49de409b35620153b0dd89206c3a8fac004f", "live_url": "https://statohub.com/z-score/"}
{"run_at": "2026-06-25T04:06:47Z", "runner": "statohub-publish-next-calc-prose", "slug": "weighted-average", "result": "success", "commit_sha": "b6d3ebf98299debc14921e54ecbe80f72b42cb3d", "live_url": "https://statohub.com/calculators/weighted-average/"}
{"run_at": "2026-06-25T21:54:48Z", "runner": "statohub-publish-next-article", "slug": "test-statistic", "result": "success", "word_count": 2852, "commit_sha": "cf85341a6a1c2ab4dc07ca5876735ba523589488", "live_url": "https://statohub.com/test-statistic/"}
{"run_at": "2026-06-26T01:07:27Z", "runner": "statohub-publish-next-article", "slug": "probability-formula", "result": "success", "word_count": 2772, "commit_sha": "fd245cef1171b7095aea911eb4e9bda6057dc371", "live_url": "https://statohub.com/probability-formula/"}
{"run_at": "2026-06-28T21:53:17Z", "runner": "statohub-publish-next-article", "slug": "how-to-find-outliers", "result": "success", "word_count": 2451, "commit_sha": "b1437dc32d40dfa17c269a2d4b56e8957551df33", "live_url": "https://statohub.com/how-to-find-outliers/"}
{"run_at": "2026-06-29T01:12:14Z", "runner": "statohub-publish-next-article", "slug": "percentiles", "result": "success", "word_count": 2738, "commit_sha": "b6070fb3db23c1026aac3073dc707b2739db60b1", "live_url": "https://statohub.com/percentiles/"}
{"run_at": "2026-06-29T21:54:35Z", "runner": "statohub-publish-next-article", "slug": "interquartile-range", "result": "success", "word_count": 2546, "commit_sha": "073e2642bde5787b2a3c76535cc190a2c6396a82", "live_url": "https://statohub.com/interquartile-range/"}
{"run_at": "2026-06-30T01:10:53Z", "runner": "statohub-publish-next-article", "slug": "how-to-find-the-mean", "result": "success", "word_count": 2692, "commit_sha": "ed7e8fc310b632590660d2656eb43ba995ac70eb", "live_url": "https://statohub.com/how-to-find-the-mean/"}
{"run_at": "2026-06-30T21:54:57Z", "runner": "statohub-publish-next-article", "slug": "variance", "result": "success", "word_count": 3068, "commit_sha": "a734da5d72bd1c27603e8d5182101853f7dbe4ce", "live_url": "https://statohub.com/variance/"}
{"run_at": "2026-07-01T01:11:32Z", "runner": "statohub-publish-next-article", "slug": "correlation-coefficient", "result": "success", "word_count": 3109, "commit_sha": "f6e74112507a83ed85ad9437bd5227ebfcd552ca", "live_url": "https://statohub.com/correlation-coefficient/"}
{"run_at": "2026-07-01T21:52:39Z", "runner": "statohub-publish-next-article", "slug": "mean-median-mode-range", "result": "success", "word_count": 2713, "commit_sha": "7252b18d45aa07ea27f9a4f315df58005fc9670a", "live_url": "https://statohub.com/mean-median-mode-range/"}
{"run_at": "2026-07-02T01:19:42Z", "runner": "statohub-publish-next-article", "slug": "t-test", "result": "success", "word_count": 2999, "commit_sha": "139c0a3791df85af386bb1941199564a1ea133a2", "live_url": "https://statohub.com/t-test/"}
{"run_at": "2026-07-02T21:53:36Z", "runner": "statohub-publish-next-article", "slug": "binomial-distribution", "result": "success", "word_count": 2844, "commit_sha": "f3ceb6f3b8e7ea0df20f3f700c9ed00b593ecc19", "live_url": "https://statohub.com/binomial-distribution/"}
{"run_at": "2026-07-03T01:14:53Z", "runner": "statohub-publish-next-article", "slug": "exponential-distribution", "result": "success", "word_count": 2745, "commit_sha": "cfe17c3ea677dc1b08f6931795cf3211b0a13085", "live_url": "https://statohub.com/exponential-distribution/"}
{"run_at": "2026-07-03T21:51:58Z", "runner": "statohub-publish-next-article", "slug": "pearson-correlation-coefficient", "result": "success", "word_count": 2794, "commit_sha": "f61dae0d206d468cca9c6cd61d6b42f89d47ec36", "live_url": "https://statohub.com/pearson-correlation-coefficient/"}
{"run_at": "2026-07-04T01:16:00Z", "runner": "statohub-publish-next-article", "slug": "sample-variance-formula", "result": "success", "word_count": 3419, "commit_sha": "af38301f67d2ca19c870ba36765faf48d01c06ae", "live_url": "https://statohub.com/sample-variance-formula/"}
{"run_at": "2026-07-04T21:51:07Z", "runner": "statohub-publish-next-article", "slug": "p-value", "result": "success", "word_count": 2592, "commit_sha": "94eed63585a0d620c6d7612638fdb865106f2c94", "live_url": "https://statohub.com/p-value/"}
{"run_at": "2026-07-05T01:17:42Z", "runner": "statohub-publish-next-article", "slug": "chi-square-distribution", "result": "success", "word_count": 2760, "commit_sha": "d8dde9e714ef2b06281eea1904a1fb6be6a99c92", "live_url": "https://statohub.com/chi-square-distribution/"}
{"run_at": "2026-07-05T21:52:25Z", "runner": "statohub-publish-next-article", "slug": "normal-distribution", "result": "success", "word_count": 3234, "commit_sha": "78ee6c812d8d90045dc7d9735cfea85d7b2e80aa", "live_url": "https://statohub.com/normal-distribution/"}
{"run_at": "2026-07-06T01:15:20Z", "runner": "statohub-publish-next-article", "slug": "standard-deviation", "result": "success", "word_count": 2714, "commit_sha": "cac0260e21bc11cc5741fb82698cf6f21712bc92", "live_url": "https://statohub.com/standard-deviation/"}
{"run_at": "2026-07-07T01:18:24Z", "runner": "statohub-publish-next-article", "slug": "how-to-find-the-median", "result": "success", "word_count": 2677, "commit_sha": "32c51efc3e3f3083ede8dcd0e2e3f34d6a21669b", "live_url": "https://statohub.com/how-to-find-the-median/"}
{"run_at": "2026-07-07T01:25:10Z", "runner": "statohub-publish-next-article", "slug": "how-to-find-the-median", "result": "success", "word_count": 2677, "commit_sha": "32c51efc3e3f3083ede8dcd0e2e3f34d6a21669b", "live_url": "https://statohub.com/how-to-find-the-median/"}
{"run_at": "2026-07-07T21:55:24Z", "runner": "statohub-publish-next-article", "slug": "chi-square-test", "result": "success", "word_count": 2997, "commit_sha": "4723792a03e0e82f094bc2bae8925169f3c62272", "live_url": "https://statohub.com/chi-square-test/"}
{"run_at": "2026-07-08T01:18:22Z", "runner": "statohub-publish-next-article", "slug": "null-hypothesis", "result": "success", "word_count": 2742, "commit_sha": "2f0b4cacaf9e1562d72fcc77c7707fd9e13ab1cf", "live_url": "https://statohub.com/null-hypothesis/"}
{"run_at": "2026-07-11T15:51:43Z", "runner": "statohub-publish-next-article", "slug": "statistics-symbols-cheatsheet", "result": "success", "word_count": 3858, "commit_sha": "79c474345da652a081364106202a0a1654879ac8", "live_url": "https://statohub.com/statistics-symbols-cheatsheet/"}
{"run_at": "2026-07-12T01:19:02Z", "runner": "statohub-publish-next-article", "slug": "proportions-in-statistics", "result": "success", "word_count": 2699, "commit_sha": "afc699a52bbec6140fb8a365c0efb6eeaa04c922", "live_url": "https://statohub.com/proportions-in-statistics/"}
{"run_at": "2026-07-13T01:19:13Z", "runner": "statohub-publish-next-article", "slug": "how-to-find-frequency-statistics", "result": "success", "word_count": 2664, "commit_sha": "20a0d8ccb606e2f347093fc42435d7ad5ed8eed6", "live_url": "https://statohub.com/how-to-find-frequency-statistics/"}
{"run_at": "2026-07-14T01:20:35Z", "runner": "statohub-publish-next-article", "slug": "regression-to-the-mean", "result": "success", "word_count": 3098, "commit_sha": "2f141d161dafa3e57c8446dfff9a390409798de7", "live_url": "https://statohub.com/regression-to-the-mean/"}
{"run_at": "2026-07-15T01:15:02Z", "runner": "statohub-publish-next-article", "slug": "confidence-interval", "result": "success", "word_count": 2771, "commit_sha": "b600e39db8ad56dab61e91899be156107a6f1665", "live_url": "https://statohub.com/confidence-interval/"}
{"run_at": "2026-07-16T01:22:32Z", "runner": "statohub-publish-next-article", "slug": "types-of-variables", "result": "success", "word_count": 3726, "commit_sha": "6d4542fdca2c6e14cb6a72e541f6cb5aebc04f18", "live_url": "https://statohub.com/types-of-variables/"}
{"run_at": "2026-07-17T01:17:19Z", "runner": "statohub-publish-next-article", "slug": "binomial-theorem", "result": "success", "word_count": 3034, "commit_sha": "e15957544944151f462434127b455624ea21dea8", "live_url": "https://statohub.com/binomial-theorem/"}
